<?xml version="1.0" encoding="UTF-8"?>
<!-- Generated by org.testng.reporters.JUnitXMLReporter -->
<testsuite hostname="DESKTOP-KP30BUB" failures="1" tests="1" name="4" time="1.018" errors="0" timestamp="4 Jul 2021 09:30:46 GMT">
  <testcase classname="ui.TitleLoginTest" name="TitleLogoutCheck" time="1.017">
    <failure type="java.lang.AssertionError" message="expected [Log in | Codecademy] but found [Learn to Code - for Free | Codecademy]">
      <![CDATA[java.lang.AssertionError: expected [Log in | Codecademy] but found [Learn to Code - for Free | Codecademy]
	at ui.TitleLoginTest.TitleLogoutCheck(TitleLoginTest.java:12)
... Removed 29 stack frames]]>
    </failure>
  </testcase> <!-- TitleLogoutCheck -->
</testsuite> <!-- 4 -->
