<?xml version="1.0" encoding="UTF-8"?>
<!-- Generated by org.testng.reporters.JUnitXMLReporter -->
<testsuite hostname="DESKTOP-KP30BUB" failures="0" tests="4" name="Test" time="12.439" errors="0" timestamp="4 Jul 2021 10:04:56 GMT">
  <testcase classname="ui.LoginTest" name="CALogin" time="1.906"/>
  <testcase classname="ui.TitleHomeTest" name="TitleCheck" time="2.175"/>
  <testcase classname="ui.LogoutTest" name="Logout" time="7.339"/>
  <testcase classname="ui.TitleLoginTest" name="TitleLogoutCheck" time="1.011"/>
</testsuite> <!-- Test -->
