<?xml version="1.0" encoding="UTF-8"?>
<!-- Generated by org.testng.reporters.JUnitXMLReporter -->
<testsuite hostname="DESKTOP-KP30BUB" failures="1" tests="1" name="logoutTest" time="5.009" errors="0" timestamp="4 Jul 2021 09:14:40 GMT">
  <testcase classname="ui.LogoutTest" name="Logout" time="5.006">
    <failure type="java.lang.NullPointerException" message="Cannot invoke &amp;quot;org.openqa.selenium.WebDriver.findElement(org.openqa.selenium.By)&amp;quot; because &amp;quot;this.driver&amp;quot; is null">
      <![CDATA[java.lang.NullPointerException: Cannot invoke "org.openqa.selenium.WebDriver.findElement(org.openqa.selenium.By)" because "this.driver" is null
	at ui.LogoutTest.Logout(LogoutTest.java:12)
... Removed 24 stack frames]]>
    </failure>
  </testcase> <!-- Logout -->
</testsuite> <!-- logoutTest -->
