<?xml version="1.0" encoding="UTF-8"?>
<!-- Generated by org.testng.reporters.JUnitXMLReporter -->
<testsuite hostname="DESKTOP-KP30BUB" failures="3" tests="3" name="Test" time="7.071" errors="0" timestamp="4 Jul 2021 09:03:36 GMT">
  <testcase classname="ui.LogoutTest" name="Logout" time="5.012">
    <failure type="java.lang.NullPointerException" message="Cannot invoke &amp;quot;org.openqa.selenium.WebDriver.findElement(org.openqa.selenium.By)&amp;quot; because &amp;quot;this.driver&amp;quot; is null">
      <![CDATA[java.lang.NullPointerException: Cannot invoke "org.openqa.selenium.WebDriver.findElement(org.openqa.selenium.By)" because "this.driver" is null
	at ui.LogoutTest.Logout(LogoutTest.java:12)
... Removed 24 stack frames]]>
    </failure>
  </testcase> <!-- Logout -->
  <testcase classname="ui.TitleLoginTest" name="TitleLogoutCheck" time="1.038">
    <failure type="java.lang.AssertionError" message="expected [Log in | Codecademy] but found [Learn to Code - for Free | Codecademy]">
      <![CDATA[java.lang.AssertionError: expected [Log in | Codecademy] but found [Learn to Code - for Free | Codecademy]
	at ui.TitleLoginTest.TitleLogoutCheck(TitleLoginTest.java:12)
... Removed 29 stack frames]]>
    </failure>
  </testcase> <!-- TitleLogoutCheck -->
  <testcase classname="ui.TitleHomeTest" name="TitleCheck" time="1.013">
    <failure type="java.lang.NullPointerException" message="Cannot invoke &amp;quot;org.openqa.selenium.WebDriver.getTitle()&amp;quot; because &amp;quot;this.driver&amp;quot; is null">
      <![CDATA[java.lang.NullPointerException: Cannot invoke "org.openqa.selenium.WebDriver.getTitle()" because "this.driver" is null
	at ui.TitleHomeTest.TitleCheck(TitleHomeTest.java:11)
... Removed 24 stack frames]]>
    </failure>
  </testcase> <!-- TitleCheck -->
</testsuite> <!-- Test -->
