<?xml version="1.0" encoding="UTF-8"?>
<!-- Generated by org.testng.reporters.JUnitXMLReporter -->
<testsuite hostname="DESKTOP-KP30BUB" failures="1" tests="1" name="test2" time="1.005" errors="0" timestamp="4 Jul 2021 09:27:53 GMT">
  <testcase classname="ui.TitleHomeTest" name="TitleCheck" time="1.004">
    <failure type="java.lang.NullPointerException" message="Cannot invoke &amp;quot;org.openqa.selenium.WebDriver.getTitle()&amp;quot; because &amp;quot;this.driver&amp;quot; is null">
      <![CDATA[java.lang.NullPointerException: Cannot invoke "org.openqa.selenium.WebDriver.getTitle()" because "this.driver" is null
	at ui.TitleHomeTest.TitleCheck(TitleHomeTest.java:11)
... Removed 24 stack frames]]>
    </failure>
  </testcase> <!-- TitleCheck -->
</testsuite> <!-- test2 -->
