<?xml version="1.0" encoding="UTF-8"?>
<!-- Generated by org.testng.reporters.JUnitXMLReporter -->
<testsuite hostname="DESKTOP-KP30BUB" failures="1" tests="1" name="test1" time="0.01" errors="0" timestamp="4 Jul 2021 09:27:52 GMT">
  <testcase classname="ui.LoginTest" name="CALogin" time="0.004">
    <failure type="java.lang.NullPointerException" message="Cannot invoke &amp;quot;org.openqa.selenium.WebDriver.findElement(org.openqa.selenium.By)&amp;quot; because &amp;quot;this.driver&amp;quot; is null">
      <![CDATA[java.lang.NullPointerException: Cannot invoke "org.openqa.selenium.WebDriver.findElement(org.openqa.selenium.By)" because "this.driver" is null
	at ui.LoginTest.CALogin(LoginTest.java:12)
... Removed 24 stack frames]]>
    </failure>
  </testcase> <!-- CALogin -->
</testsuite> <!-- test1 -->
