<?xml version="1.0" encoding="UTF-8"?>
<testng-results total="4" passed="4" failed="0" skipped="0">
  <reporter-output>
  </reporter-output>
  <suite started-at="2021-07-04T10:04:44Z" name="Suite" finished-at="2021-07-04T10:04:56Z" duration-ms="12439">
    <groups>
    </groups>
    <test started-at="2021-07-04T10:04:44Z" name="Test" finished-at="2021-07-04T10:04:56Z" duration-ms="12439">
      <class name="ui.TitleHomeTest">
        <test-method is-config="true" signature="Startup()[pri:0, instance:ui.TitleHomeTest@5a5338df]" started-at="2021-07-04T13:04:39Z" name="Startup" finished-at="2021-07-04T13:04:44Z" duration-ms="4838" status="PASS">
          <reporter-output>
          </reporter-output>
        </test-method> <!-- Startup -->
        <test-method signature="TitleCheck()[pri:0, instance:ui.TitleHomeTest@5a5338df]" started-at="2021-07-04T13:04:46Z" name="TitleCheck" finished-at="2021-07-04T13:04:48Z" duration-ms="2175" status="PASS">
          <reporter-output>
          </reporter-output>
        </test-method> <!-- TitleCheck -->
        <test-method is-config="true" signature="Exit()[pri:0, instance:ui.TitleHomeTest@5a5338df]" started-at="2021-07-04T13:04:56Z" name="Exit" finished-at="2021-07-04T13:04:56Z" duration-ms="136" status="PASS">
          <reporter-output>
          </reporter-output>
        </test-method> <!-- Exit -->
      </class> <!-- ui.TitleHomeTest -->
      <class name="ui.LogoutTest">
        <test-method signature="Logout()[pri:0, instance:ui.LogoutTest@176b75f7]" started-at="2021-07-04T13:04:48Z" name="Logout" finished-at="2021-07-04T13:04:55Z" duration-ms="7339" status="PASS">
          <reporter-output>
          </reporter-output>
        </test-method> <!-- Logout -->
      </class> <!-- ui.LogoutTest -->
      <class name="ui.LoginTest">
        <test-method signature="CALogin()[pri:0, instance:ui.LoginTest@14f9390f]" started-at="2021-07-04T13:04:44Z" name="CALogin" finished-at="2021-07-04T13:04:46Z" duration-ms="1906" status="PASS">
          <reporter-output>
          </reporter-output>
        </test-method> <!-- CALogin -->
      </class> <!-- ui.LoginTest -->
      <class name="ui.TitleLoginTest">
        <test-method signature="TitleLogoutCheck()[pri:0, instance:ui.TitleLoginTest@6c0d7c83]" started-at="2021-07-04T13:04:55Z" name="TitleLogoutCheck" finished-at="2021-07-04T13:04:56Z" duration-ms="1011" status="PASS">
          <reporter-output>
          </reporter-output>
        </test-method> <!-- TitleLogoutCheck -->
      </class> <!-- ui.TitleLoginTest -->
    </test> <!-- Test -->
  </suite> <!-- Suite -->
</testng-results>
